0 verbose cli C:\Program Files\nodejs\node.exe C:\Users\steve\AppData\Roaming\npm\node_modules\npm\bin\npm-cli.js
1 info using npm@11.12.1
2 info using node@v25.8.1
3 silly config load:file:C:\Users\steve\AppData\Roaming\npm\node_modules\npm\npmrc
4 silly config load:file:C:\Users\steve\projects\Kairis\.npmrc
5 silly config load:file:C:\Users\steve\.npmrc
6 silly config load:file:C:\Users\steve\AppData\Roaming\npm\etc\npmrc
7 verbose title npm install
8 verbose argv "install" "--cache" ".npm-cache"
9 verbose logfile logs-max:10 dir:C:\Users\steve\projects\Kairis\.npm-cache\_logs\2026-04-04T09_43_55_381Z-
10 verbose logfile C:\Users\steve\projects\Kairis\.npm-cache\_logs\2026-04-04T09_43_55_381Z-debug-0.log
11 silly logfile done cleaning log files
12 silly packumentCache heap:4496293888 maxSize:1124073472 maxEntrySize:562036736
13 silly idealTree buildDeps
14 silly fetch manifest next@^15.3.0
15 silly packumentCache full:https://registry.npmjs.org/next cache-miss
16 http fetch GET 200 https://registry.npmjs.org/npm 244ms
17 http fetch GET 200 https://registry.npmjs.org/next 452ms (cache miss)
18 silly packumentCache full:https://registry.npmjs.org/next set size:undefined disposed:false
19 silly fetch manifest @opentelemetry/api@^1.1.0
20 silly packumentCache full:https://registry.npmjs.org/@opentelemetry%2fapi cache-miss
21 http fetch GET 200 https://registry.npmjs.org/@opentelemetry%2fapi 69ms (cache miss)
22 silly packumentCache full:https://registry.npmjs.org/@opentelemetry%2fapi set size:undefined disposed:false
23 silly fetch manifest @playwright/test@^1.51.1
24 silly packumentCache full:https://registry.npmjs.org/@playwright%2ftest cache-miss
25 http fetch GET 200 https://registry.npmjs.org/@playwright%2ftest 189ms (cache miss)
26 silly packumentCache full:https://registry.npmjs.org/@playwright%2ftest set size:undefined disposed:false
27 silly fetch manifest babel-plugin-react-compiler@*
28 silly packumentCache full:https://registry.npmjs.org/babel-plugin-react-compiler cache-miss
29 http fetch GET 200 https://registry.npmjs.org/babel-plugin-react-compiler 135ms (cache miss)
30 silly packumentCache full:https://registry.npmjs.org/babel-plugin-react-compiler set size:undefined disposed:false
31 silly fetch manifest react@^19.0.0
32 silly packumentCache full:https://registry.npmjs.org/react cache-miss
33 http fetch GET 200 https://registry.npmjs.org/react 118ms (cache miss)
34 silly packumentCache full:https://registry.npmjs.org/react set size:undefined disposed:false
35 silly fetch manifest react-dom@^19.0.0
36 silly packumentCache full:https://registry.npmjs.org/react-dom cache-miss
37 http fetch GET 200 https://registry.npmjs.org/react-dom 160ms (cache miss)
38 silly packumentCache full:https://registry.npmjs.org/react-dom set size:undefined disposed:false
39 silly fetch manifest sass@^1.3.0
40 silly packumentCache full:https://registry.npmjs.org/sass cache-miss
41 http fetch GET 200 https://registry.npmjs.org/sass 56ms (cache miss)
42 silly packumentCache full:https://registry.npmjs.org/sass set size:undefined disposed:false
43 silly fetch manifest @types/node@^22.14.1
44 silly packumentCache full:https://registry.npmjs.org/@types%2fnode cache-miss
45 http fetch GET 200 https://registry.npmjs.org/@types%2fnode 128ms (cache miss)
46 silly packumentCache full:https://registry.npmjs.org/@types%2fnode set size:undefined disposed:false
47 silly fetch manifest @types/react@^19.0.12
48 silly packumentCache full:https://registry.npmjs.org/@types%2freact cache-miss
49 http fetch GET 200 https://registry.npmjs.org/@types%2freact 78ms (cache miss)
50 silly packumentCache full:https://registry.npmjs.org/@types%2freact set size:undefined disposed:false
51 silly fetch manifest @types/react-dom@^19.0.4
52 silly packumentCache full:https://registry.npmjs.org/@types%2freact-dom cache-miss
53 http fetch GET 200 https://registry.npmjs.org/@types%2freact-dom 160ms (cache miss)
54 silly packumentCache full:https://registry.npmjs.org/@types%2freact-dom set size:undefined disposed:false
55 silly fetch manifest typescript@^5.8.3
56 silly packumentCache full:https://registry.npmjs.org/typescript cache-miss
57 http fetch GET 200 https://registry.npmjs.org/typescript 153ms (cache miss)
58 silly packumentCache full:https://registry.npmjs.org/typescript set size:undefined disposed:false
59 silly placeDep ROOT @types/node@22.19.17 OK for: kairis@0.1.0 want: ^22.14.1
60 silly placeDep ROOT @types/react@19.2.14 OK for: kairis@0.1.0 want: ^19.0.12
61 silly placeDep ROOT @types/react-dom@19.2.3 OK for: kairis@0.1.0 want: ^19.0.4
62 silly placeDep ROOT next@15.5.14 OK for: kairis@0.1.0 want: ^15.3.0
63 silly placeDep ROOT react@19.2.4 OK for: next@15.5.14 want: ^18.2.0 || 19.0.0-rc-de68d2f4-20241204 || ^19.0.0
64 silly placeDep ROOT react-dom@19.2.4 OK for: next@15.5.14 want: ^18.2.0 || 19.0.0-rc-de68d2f4-20241204 || ^19.0.0
65 silly placeDep ROOT typescript@5.9.3 OK for: kairis@0.1.0 want: ^5.8.3
66 silly fetch manifest undici-types@~6.21.0
67 silly packumentCache full:https://registry.npmjs.org/undici-types cache-miss
68 silly fetch manifest csstype@^3.2.2
69 silly packumentCache full:https://registry.npmjs.org/csstype cache-miss
70 silly fetch manifest postcss@8.4.31
71 silly packumentCache full:https://registry.npmjs.org/postcss cache-miss
72 silly fetch manifest @next/env@15.5.14
73 silly packumentCache full:https://registry.npmjs.org/@next%2fenv cache-miss
74 silly fetch manifest styled-jsx@5.1.6
75 silly packumentCache full:https://registry.npmjs.org/styled-jsx cache-miss
76 silly fetch manifest @swc/helpers@0.5.15
77 silly packumentCache full:https://registry.npmjs.org/@swc%2fhelpers cache-miss
78 silly fetch manifest caniuse-lite@^1.0.30001579
79 silly packumentCache full:https://registry.npmjs.org/caniuse-lite cache-miss
80 silly fetch manifest sharp@^0.34.3
81 silly packumentCache full:https://registry.npmjs.org/sharp cache-miss
82 silly fetch manifest @next/swc-darwin-x64@15.5.14
83 silly packumentCache full:https://registry.npmjs.org/@next%2fswc-darwin-x64 cache-miss
84 silly fetch manifest @next/swc-darwin-arm64@15.5.14
85 silly packumentCache full:https://registry.npmjs.org/@next%2fswc-darwin-arm64 cache-miss
86 silly fetch manifest @next/swc-linux-x64-gnu@15.5.14
87 silly packumentCache full:https://registry.npmjs.org/@next%2fswc-linux-x64-gnu cache-miss
88 silly fetch manifest @next/swc-linux-x64-musl@15.5.14
89 silly packumentCache full:https://registry.npmjs.org/@next%2fswc-linux-x64-musl cache-miss
90 silly fetch manifest @next/swc-win32-x64-msvc@15.5.14
91 silly packumentCache full:https://registry.npmjs.org/@next%2fswc-win32-x64-msvc cache-miss
92 silly fetch manifest @next/swc-linux-arm64-gnu@15.5.14
93 silly packumentCache full:https://registry.npmjs.org/@next%2fswc-linux-arm64-gnu cache-miss
94 silly fetch manifest @next/swc-linux-arm64-musl@15.5.14
95 silly packumentCache full:https://registry.npmjs.org/@next%2fswc-linux-arm64-musl cache-miss
96 http fetch GET 200 https://registry.npmjs.org/undici-types 66ms (cache miss)
97 silly packumentCache full:https://registry.npmjs.org/undici-types set size:undefined disposed:false
98 silly fetch manifest @next/swc-win32-arm64-msvc@15.5.14
99 silly packumentCache full:https://registry.npmjs.org/@next%2fswc-win32-arm64-msvc cache-miss
100 http fetch GET 200 https://registry.npmjs.org/csstype 81ms (cache miss)
101 silly packumentCache full:https://registry.npmjs.org/csstype set size:undefined disposed:false
102 silly fetch manifest scheduler@^0.27.0
103 silly packumentCache full:https://registry.npmjs.org/scheduler cache-miss
104 http fetch GET 200 https://registry.npmjs.org/postcss 233ms (cache miss)
105 silly packumentCache full:https://registry.npmjs.org/postcss set size:undefined disposed:false
106 http fetch GET 200 https://registry.npmjs.org/scheduler 162ms (cache miss)
107 silly packumentCache full:https://registry.npmjs.org/scheduler set size:undefined disposed:false
108 http fetch GET 200 https://registry.npmjs.org/styled-jsx 296ms (cache miss)
109 silly packumentCache full:https://registry.npmjs.org/styled-jsx set size:undefined disposed:false
110 http fetch GET 200 https://registry.npmjs.org/@swc%2fhelpers 312ms (cache miss)
111 silly packumentCache full:https://registry.npmjs.org/@swc%2fhelpers set size:undefined disposed:false
112 http fetch GET 200 https://registry.npmjs.org/sharp 321ms (cache miss)
113 silly packumentCache full:https://registry.npmjs.org/sharp set size:undefined disposed:false
114 http fetch GET 200 https://registry.npmjs.org/@next%2fswc-win32-arm64-msvc 326ms (cache miss)
115 silly packumentCache full:https://registry.npmjs.org/@next%2fswc-win32-arm64-msvc set size:undefined disposed:false
116 http fetch GET 200 https://registry.npmjs.org/caniuse-lite 438ms (cache miss)
117 silly packumentCache full:https://registry.npmjs.org/caniuse-lite set size:undefined disposed:false
118 http fetch GET 200 https://registry.npmjs.org/@next%2fswc-darwin-arm64 497ms (cache miss)
119 silly packumentCache full:https://registry.npmjs.org/@next%2fswc-darwin-arm64 set size:undefined disposed:false
120 http fetch GET 200 https://registry.npmjs.org/@next%2fswc-linux-x64-gnu 548ms (cache miss)
121 silly packumentCache full:https://registry.npmjs.org/@next%2fswc-linux-x64-gnu set size:undefined disposed:false
122 http fetch GET 200 https://registry.npmjs.org/@next%2fswc-linux-x64-musl 612ms (cache miss)
123 silly packumentCache full:https://registry.npmjs.org/@next%2fswc-linux-x64-musl set size:undefined disposed:false
124 http fetch GET 200 https://registry.npmjs.org/@next%2fswc-darwin-x64 634ms (cache miss)
125 silly packumentCache full:https://registry.npmjs.org/@next%2fswc-darwin-x64 set size:undefined disposed:false
126 http fetch GET 200 https://registry.npmjs.org/@next%2fswc-linux-arm64-musl 666ms (cache miss)
127 silly packumentCache full:https://registry.npmjs.org/@next%2fswc-linux-arm64-musl set size:undefined disposed:false
128 http fetch GET 200 https://registry.npmjs.org/@next%2fswc-linux-arm64-gnu 709ms (cache miss)
129 silly packumentCache full:https://registry.npmjs.org/@next%2fswc-linux-arm64-gnu set size:undefined disposed:false
130 http fetch GET 200 https://registry.npmjs.org/@next%2fswc-win32-x64-msvc 734ms (cache miss)
131 silly packumentCache full:https://registry.npmjs.org/@next%2fswc-win32-x64-msvc set size:undefined disposed:false
132 http fetch GET 200 https://registry.npmjs.org/@next%2fenv 761ms (cache miss)
133 silly packumentCache full:https://registry.npmjs.org/@next%2fenv set size:undefined disposed:false
134 silly placeDep ROOT undici-types@6.21.0 OK for: @types/node@22.19.17 want: ~6.21.0
135 silly placeDep ROOT csstype@3.2.3 OK for: @types/react@19.2.14 want: ^3.2.2
136 silly fetch manifest react@^18.2.0 || 19.0.0-rc-de68d2f4-20241204 || ^19.0.0
137 silly packumentCache full:https://registry.npmjs.org/react cache-miss
138 http cache https://registry.npmjs.org/react 17ms (cache hit)
139 silly packumentCache full:https://registry.npmjs.org/react set size:6585005 disposed:false
140 silly placeDep ROOT @next/env@15.5.14 OK for: next@15.5.14 want: 15.5.14
141 silly placeDep ROOT @next/swc-darwin-arm64@15.5.14 OK for: next@15.5.14 want: 15.5.14
142 silly placeDep ROOT @next/swc-darwin-x64@15.5.14 OK for: next@15.5.14 want: 15.5.14
143 silly placeDep ROOT @next/swc-linux-arm64-gnu@15.5.14 OK for: next@15.5.14 want: 15.5.14
144 silly placeDep ROOT @next/swc-linux-arm64-musl@15.5.14 OK for: next@15.5.14 want: 15.5.14
145 silly placeDep ROOT @next/swc-linux-x64-gnu@15.5.14 OK for: next@15.5.14 want: 15.5.14
146 silly placeDep ROOT @next/swc-linux-x64-musl@15.5.14 OK for: next@15.5.14 want: 15.5.14
147 silly placeDep ROOT @next/swc-win32-arm64-msvc@15.5.14 OK for: next@15.5.14 want: 15.5.14
148 silly placeDep ROOT @next/swc-win32-x64-msvc@15.5.14 OK for: next@15.5.14 want: 15.5.14
149 silly placeDep ROOT @swc/helpers@0.5.15 OK for: next@15.5.14 want: 0.5.15
150 silly placeDep ROOT caniuse-lite@1.0.30001785 OK for: next@15.5.14 want: ^1.0.30001579
151 silly placeDep ROOT postcss@8.4.31 OK for: next@15.5.14 want: 8.4.31
152 silly placeDep ROOT sharp@0.34.5 OK for: next@15.5.14 want: ^0.34.3
153 silly placeDep ROOT styled-jsx@5.1.6 OK for: next@15.5.14 want: 5.1.6
154 silly fetch manifest tslib@^2.8.0
155 silly packumentCache full:https://registry.npmjs.org/tslib cache-miss
156 silly fetch manifest nanoid@^3.3.6
157 silly packumentCache full:https://registry.npmjs.org/nanoid cache-miss
158 silly fetch manifest picocolors@^1.0.0
159 silly packumentCache full:https://registry.npmjs.org/picocolors cache-miss
160 silly fetch manifest source-map-js@^1.0.2
161 silly packumentCache full:https://registry.npmjs.org/source-map-js cache-miss
162 silly fetch manifest semver@^7.7.3
163 silly packumentCache full:https://registry.npmjs.org/semver cache-miss
164 silly fetch manifest @img/colour@^1.0.0
165 silly packumentCache full:https://registry.npmjs.org/@img%2fcolour cache-miss
166 silly fetch manifest detect-libc@^2.1.2
167 silly packumentCache full:https://registry.npmjs.org/detect-libc cache-miss
168 silly fetch manifest @img/sharp-wasm32@0.34.5
169 silly packumentCache full:https://registry.npmjs.org/@img%2fsharp-wasm32 cache-miss
170 silly fetch manifest @img/sharp-linux-arm@0.34.5
171 silly packumentCache full:https://registry.npmjs.org/@img%2fsharp-linux-arm cache-miss
172 silly fetch manifest @img/sharp-linux-x64@0.34.5
173 silly packumentCache full:https://registry.npmjs.org/@img%2fsharp-linux-x64 cache-miss
174 silly fetch manifest @img/sharp-win32-x64@0.34.5
175 silly packumentCache full:https://registry.npmjs.org/@img%2fsharp-win32-x64 cache-miss
176 silly fetch manifest @img/sharp-darwin-x64@0.34.5
177 silly packumentCache full:https://registry.npmjs.org/@img%2fsharp-darwin-x64 cache-miss
178 silly fetch manifest @img/sharp-win32-ia32@0.34.5
179 silly packumentCache full:https://registry.npmjs.org/@img%2fsharp-win32-ia32 cache-miss
180 silly fetch manifest @img/sharp-linux-arm64@0.34.5
181 silly packumentCache full:https://registry.npmjs.org/@img%2fsharp-linux-arm64 cache-miss
182 silly fetch manifest @img/sharp-linux-ppc64@0.34.5
183 silly packumentCache full:https://registry.npmjs.org/@img%2fsharp-linux-ppc64 cache-miss
184 http fetch GET 200 https://registry.npmjs.org/picocolors 74ms (cache miss)
185 silly packumentCache full:https://registry.npmjs.org/picocolors set size:undefined disposed:false
186 silly fetch manifest @img/sharp-linux-s390x@0.34.5
187 silly packumentCache full:https://registry.npmjs.org/@img%2fsharp-linux-s390x cache-miss
188 http fetch GET 200 https://registry.npmjs.org/detect-libc 78ms (cache miss)
189 silly packumentCache full:https://registry.npmjs.org/detect-libc set size:undefined disposed:false
190 silly fetch manifest @img/sharp-win32-arm64@0.34.5
191 silly packumentCache full:https://registry.npmjs.org/@img%2fsharp-win32-arm64 cache-miss
192 http fetch GET 200 https://registry.npmjs.org/tslib 82ms (cache miss)
193 silly packumentCache full:https://registry.npmjs.org/tslib set size:undefined disposed:false
194 silly fetch manifest @img/sharp-darwin-arm64@0.34.5
195 silly packumentCache full:https://registry.npmjs.org/@img%2fsharp-darwin-arm64 cache-miss
196 http fetch GET 200 https://registry.npmjs.org/source-map-js 84ms (cache miss)
197 silly packumentCache full:https://registry.npmjs.org/source-map-js set size:undefined disposed:false
198 silly fetch manifest @img/sharp-linux-riscv64@0.34.5
199 silly packumentCache full:https://registry.npmjs.org/@img%2fsharp-linux-riscv64 cache-miss
200 http fetch GET 200 https://registry.npmjs.org/semver 91ms (cache miss)
201 silly packumentCache full:https://registry.npmjs.org/semver set size:undefined disposed:false
202 silly fetch manifest @img/sharp-linuxmusl-x64@0.34.5
203 silly packumentCache full:https://registry.npmjs.org/@img%2fsharp-linuxmusl-x64 cache-miss
204 http fetch GET 200 https://registry.npmjs.org/@img%2fsharp-wasm32 94ms (cache miss)
205 silly packumentCache full:https://registry.npmjs.org/@img%2fsharp-wasm32 set size:undefined disposed:false
206 silly fetch manifest @img/sharp-linuxmusl-arm64@0.34.5
207 silly packumentCache full:https://registry.npmjs.org/@img%2fsharp-linuxmusl-arm64 cache-miss
208 http fetch GET 200 https://registry.npmjs.org/@img%2fsharp-win32-x64 95ms (cache miss)
209 silly packumentCache full:https://registry.npmjs.org/@img%2fsharp-win32-x64 set size:undefined disposed:false
210 silly fetch manifest @img/sharp-libvips-linux-arm@1.2.4
211 silly packumentCache full:https://registry.npmjs.org/@img%2fsharp-libvips-linux-arm cache-miss
212 http fetch GET 200 https://registry.npmjs.org/@img%2fsharp-linux-arm 99ms (cache miss)
213 silly packumentCache full:https://registry.npmjs.org/@img%2fsharp-linux-arm set size:undefined disposed:false
214 silly fetch manifest @img/sharp-libvips-linux-x64@1.2.4
215 silly packumentCache full:https://registry.npmjs.org/@img%2fsharp-libvips-linux-x64 cache-miss
216 http fetch GET 200 https://registry.npmjs.org/@img%2fsharp-darwin-x64 101ms (cache miss)
217 silly packumentCache full:https://registry.npmjs.org/@img%2fsharp-darwin-x64 set size:undefined disposed:false
218 silly fetch manifest @img/sharp-libvips-darwin-x64@1.2.4
219 silly packumentCache full:https://registry.npmjs.org/@img%2fsharp-libvips-darwin-x64 cache-miss
220 http fetch GET 200 https://registry.npmjs.org/@img%2fsharp-linux-x64 107ms (cache miss)
221 silly packumentCache full:https://registry.npmjs.org/@img%2fsharp-linux-x64 set size:undefined disposed:false
222 silly fetch manifest @img/sharp-libvips-linux-arm64@1.2.4
223 silly packumentCache full:https://registry.npmjs.org/@img%2fsharp-libvips-linux-arm64 cache-miss
224 http fetch GET 200 https://registry.npmjs.org/@img%2fsharp-linux-ppc64 109ms (cache miss)
225 silly packumentCache full:https://registry.npmjs.org/@img%2fsharp-linux-ppc64 set size:undefined disposed:false
226 silly fetch manifest @img/sharp-libvips-linux-ppc64@1.2.4
227 silly packumentCache full:https://registry.npmjs.org/@img%2fsharp-libvips-linux-ppc64 cache-miss
228 http fetch GET 200 https://registry.npmjs.org/nanoid 114ms (cache miss)
229 silly packumentCache full:https://registry.npmjs.org/nanoid set size:undefined disposed:false
230 silly fetch manifest @img/sharp-libvips-linux-s390x@1.2.4
231 silly packumentCache full:https://registry.npmjs.org/@img%2fsharp-libvips-linux-s390x cache-miss
232 http fetch GET 200 https://registry.npmjs.org/@img%2fsharp-win32-ia32 117ms (cache miss)
233 silly packumentCache full:https://registry.npmjs.org/@img%2fsharp-win32-ia32 set size:undefined disposed:false
234 silly fetch manifest @img/sharp-libvips-darwin-arm64@1.2.4
235 silly packumentCache full:https://registry.npmjs.org/@img%2fsharp-libvips-darwin-arm64 cache-miss
236 http fetch GET 200 https://registry.npmjs.org/@img%2fsharp-linux-arm64 119ms (cache miss)
237 silly packumentCache full:https://registry.npmjs.org/@img%2fsharp-linux-arm64 set size:undefined disposed:false
238 silly fetch manifest @img/sharp-libvips-linux-riscv64@1.2.4
239 silly packumentCache full:https://registry.npmjs.org/@img%2fsharp-libvips-linux-riscv64 cache-miss
240 http fetch GET 200 https://registry.npmjs.org/@img%2fcolour 127ms (cache miss)
241 silly packumentCache full:https://registry.npmjs.org/@img%2fcolour set size:undefined disposed:false
242 silly fetch manifest @img/sharp-libvips-linuxmusl-x64@1.2.4
243 silly packumentCache full:https://registry.npmjs.org/@img%2fsharp-libvips-linuxmusl-x64 cache-miss
244 http fetch GET 200 https://registry.npmjs.org/@img%2fsharp-win32-arm64 56ms (cache miss)
245 silly packumentCache full:https://registry.npmjs.org/@img%2fsharp-win32-arm64 set size:undefined disposed:false
246 silly fetch manifest @img/sharp-libvips-linuxmusl-arm64@1.2.4
247 silly packumentCache full:https://registry.npmjs.org/@img%2fsharp-libvips-linuxmusl-arm64 cache-miss
248 http fetch GET 200 https://registry.npmjs.org/@img%2fsharp-linux-s390x 72ms (cache miss)
249 silly packumentCache full:https://registry.npmjs.org/@img%2fsharp-linux-s390x set size:undefined disposed:false
250 silly fetch manifest client-only@0.0.1
251 silly packumentCache full:https://registry.npmjs.org/client-only cache-miss
252 http fetch GET 200 https://registry.npmjs.org/@img%2fsharp-darwin-arm64 65ms (cache miss)
253 silly packumentCache full:https://registry.npmjs.org/@img%2fsharp-darwin-arm64 set size:undefined disposed:false
254 http fetch GET 200 https://registry.npmjs.org/@img%2fsharp-linuxmusl-arm64 61ms (cache miss)
255 silly packumentCache full:https://registry.npmjs.org/@img%2fsharp-linuxmusl-arm64 set size:undefined disposed:false
256 http fetch GET 200 https://registry.npmjs.org/@img%2fsharp-linuxmusl-x64 70ms (cache miss)
257 silly packumentCache full:https://registry.npmjs.org/@img%2fsharp-linuxmusl-x64 set size:undefined disposed:false
258 http fetch GET 200 https://registry.npmjs.org/@img%2fsharp-libvips-linux-x64 68ms (cache miss)
259 silly packumentCache full:https://registry.npmjs.org/@img%2fsharp-libvips-linux-x64 set size:undefined disposed:false
260 http fetch GET 200 https://registry.npmjs.org/@img%2fsharp-libvips-linux-arm 74ms (cache miss)
261 silly packumentCache full:https://registry.npmjs.org/@img%2fsharp-libvips-linux-arm set size:undefined disposed:false
262 http fetch GET 200 https://registry.npmjs.org/@img%2fsharp-libvips-linux-arm64 65ms (cache miss)
263 silly packumentCache full:https://registry.npmjs.org/@img%2fsharp-libvips-linux-arm64 set size:undefined disposed:false
264 http fetch GET 200 https://registry.npmjs.org/@img%2fsharp-libvips-darwin-x64 75ms (cache miss)
265 silly packumentCache full:https://registry.npmjs.org/@img%2fsharp-libvips-darwin-x64 set size:undefined disposed:false
266 http fetch GET 200 https://registry.npmjs.org/@img%2fsharp-libvips-linux-s390x 66ms (cache miss)
267 silly packumentCache full:https://registry.npmjs.org/@img%2fsharp-libvips-linux-s390x set size:undefined disposed:false
268 http fetch GET 200 https://registry.npmjs.org/@img%2fsharp-libvips-linux-riscv64 65ms (cache miss)
269 silly packumentCache full:https://registry.npmjs.org/@img%2fsharp-libvips-linux-riscv64 set size:undefined disposed:false
270 http fetch GET 200 https://registry.npmjs.org/@img%2fsharp-libvips-darwin-arm64 68ms (cache miss)
271 silly packumentCache full:https://registry.npmjs.org/@img%2fsharp-libvips-darwin-arm64 set size:undefined disposed:false
272 http fetch GET 200 https://registry.npmjs.org/client-only 48ms (cache miss)
273 silly packumentCache full:https://registry.npmjs.org/client-only set size:undefined disposed:false
274 http fetch GET 200 https://registry.npmjs.org/@img%2fsharp-libvips-linuxmusl-arm64 61ms (cache miss)
275 silly packumentCache full:https://registry.npmjs.org/@img%2fsharp-libvips-linuxmusl-arm64 set size:undefined disposed:false
276 http fetch GET 200 https://registry.npmjs.org/@img%2fsharp-libvips-linuxmusl-x64 72ms (cache miss)
277 silly packumentCache full:https://registry.npmjs.org/@img%2fsharp-libvips-linuxmusl-x64 set size:undefined disposed:false
278 http fetch GET 200 https://registry.npmjs.org/@img%2fsharp-linux-riscv64 127ms (cache miss)
279 silly packumentCache full:https://registry.npmjs.org/@img%2fsharp-linux-riscv64 set size:undefined disposed:false
280 http fetch GET 200 https://registry.npmjs.org/@img%2fsharp-libvips-linux-ppc64 118ms (cache miss)
281 silly packumentCache full:https://registry.npmjs.org/@img%2fsharp-libvips-linux-ppc64 set size:undefined disposed:false
282 silly placeDep ROOT tslib@2.8.1 OK for: @swc/helpers@0.5.15 want: ^2.8.0
283 silly placeDep ROOT nanoid@3.3.11 OK for: postcss@8.4.31 want: ^3.3.6
284 silly placeDep ROOT picocolors@1.1.1 OK for: postcss@8.4.31 want: ^1.0.0
285 silly placeDep ROOT source-map-js@1.2.1 OK for: postcss@8.4.31 want: ^1.0.2
286 silly placeDep ROOT scheduler@0.27.0 OK for: react-dom@19.2.4 want: ^0.27.0
287 silly placeDep ROOT @img/colour@1.1.0 OK for: sharp@0.34.5 want: ^1.0.0
288 silly placeDep ROOT @img/sharp-darwin-arm64@0.34.5 OK for: sharp@0.34.5 want: 0.34.5
289 silly placeDep ROOT @img/sharp-darwin-x64@0.34.5 OK for: sharp@0.34.5 want: 0.34.5
290 silly placeDep ROOT @img/sharp-libvips-darwin-arm64@1.2.4 OK for: sharp@0.34.5 want: 1.2.4
291 silly placeDep ROOT @img/sharp-libvips-darwin-x64@1.2.4 OK for: sharp@0.34.5 want: 1.2.4
292 silly placeDep ROOT @img/sharp-libvips-linux-arm@1.2.4 OK for: sharp@0.34.5 want: 1.2.4
293 silly placeDep ROOT @img/sharp-libvips-linux-arm64@1.2.4 OK for: sharp@0.34.5 want: 1.2.4
294 silly placeDep ROOT @img/sharp-libvips-linux-ppc64@1.2.4 OK for: sharp@0.34.5 want: 1.2.4
295 silly placeDep ROOT @img/sharp-libvips-linux-riscv64@1.2.4 OK for: sharp@0.34.5 want: 1.2.4
296 silly placeDep ROOT @img/sharp-libvips-linux-s390x@1.2.4 OK for: sharp@0.34.5 want: 1.2.4
297 silly placeDep ROOT @img/sharp-libvips-linux-x64@1.2.4 OK for: sharp@0.34.5 want: 1.2.4
298 silly placeDep ROOT @img/sharp-libvips-linuxmusl-arm64@1.2.4 OK for: sharp@0.34.5 want: 1.2.4
299 silly placeDep ROOT @img/sharp-libvips-linuxmusl-x64@1.2.4 OK for: sharp@0.34.5 want: 1.2.4
300 silly placeDep ROOT @img/sharp-linux-arm@0.34.5 OK for: sharp@0.34.5 want: 0.34.5
301 silly placeDep ROOT @img/sharp-linux-arm64@0.34.5 OK for: sharp@0.34.5 want: 0.34.5
302 silly placeDep ROOT @img/sharp-linux-ppc64@0.34.5 OK for: sharp@0.34.5 want: 0.34.5
303 silly placeDep ROOT @img/sharp-linux-riscv64@0.34.5 OK for: sharp@0.34.5 want: 0.34.5
304 silly placeDep ROOT @img/sharp-linux-s390x@0.34.5 OK for: sharp@0.34.5 want: 0.34.5
305 silly placeDep ROOT @img/sharp-linux-x64@0.34.5 OK for: sharp@0.34.5 want: 0.34.5
306 silly placeDep ROOT @img/sharp-linuxmusl-arm64@0.34.5 OK for: sharp@0.34.5 want: 0.34.5
307 silly placeDep ROOT @img/sharp-linuxmusl-x64@0.34.5 OK for: sharp@0.34.5 want: 0.34.5
308 silly placeDep ROOT @img/sharp-wasm32@0.34.5 OK for: sharp@0.34.5 want: 0.34.5
309 silly placeDep ROOT @img/sharp-win32-arm64@0.34.5 OK for: sharp@0.34.5 want: 0.34.5
310 silly placeDep ROOT @img/sharp-win32-ia32@0.34.5 OK for: sharp@0.34.5 want: 0.34.5
311 silly placeDep ROOT @img/sharp-win32-x64@0.34.5 OK for: sharp@0.34.5 want: 0.34.5
312 silly placeDep ROOT detect-libc@2.1.2 OK for: sharp@0.34.5 want: ^2.1.2
313 silly placeDep ROOT semver@7.7.4 OK for: sharp@0.34.5 want: ^7.7.3
314 silly fetch manifest @emnapi/runtime@^1.7.0
315 silly packumentCache full:https://registry.npmjs.org/@emnapi%2fruntime cache-miss
316 http fetch GET 200 https://registry.npmjs.org/@emnapi%2fruntime 60ms (cache miss)
317 silly packumentCache full:https://registry.npmjs.org/@emnapi%2fruntime set size:undefined disposed:false
318 silly placeDep ROOT @emnapi/runtime@1.9.2 OK for: @img/sharp-wasm32@0.34.5 want: ^1.7.0
319 silly placeDep ROOT client-only@0.0.1 OK for: styled-jsx@5.1.6 want: 0.0.1
320 silly reify moves {}
321 silly audit bulk request {
321 silly audit   '@types/node': [ '22.19.17' ],
321 silly audit   '@types/react': [ '19.2.14' ],
321 silly audit   '@types/react-dom': [ '19.2.3' ],
321 silly audit   next: [ '15.5.14' ],
321 silly audit   react: [ '19.2.4' ],
321 silly audit   'react-dom': [ '19.2.4' ],
321 silly audit   typescript: [ '5.9.3' ],
321 silly audit   'undici-types': [ '6.21.0' ],
321 silly audit   csstype: [ '3.2.3' ],
321 silly audit   '@next/env': [ '15.5.14' ],
321 silly audit   '@next/swc-darwin-arm64': [ '15.5.14' ],
321 silly audit   '@next/swc-darwin-x64': [ '15.5.14' ],
321 silly audit   '@next/swc-linux-arm64-gnu': [ '15.5.14' ],
321 silly audit   '@next/swc-linux-arm64-musl': [ '15.5.14' ],
321 silly audit   '@next/swc-linux-x64-gnu': [ '15.5.14' ],
321 silly audit   '@next/swc-linux-x64-musl': [ '15.5.14' ],
321 silly audit   '@next/swc-win32-arm64-msvc': [ '15.5.14' ],
321 silly audit   '@next/swc-win32-x64-msvc': [ '15.5.14' ],
321 silly audit   '@swc/helpers': [ '0.5.15' ],
321 silly audit   'caniuse-lite': [ '1.0.30001785' ],
321 silly audit   postcss: [ '8.4.31' ],
321 silly audit   sharp: [ '0.34.5' ],
321 silly audit   'styled-jsx': [ '5.1.6' ],
321 silly audit   tslib: [ '2.8.1' ],
321 silly audit   nanoid: [ '3.3.11' ],
321 silly audit   picocolors: [ '1.1.1' ],
321 silly audit   'source-map-js': [ '1.2.1' ],
321 silly audit   scheduler: [ '0.27.0' ],
321 silly audit   '@img/colour': [ '1.1.0' ],
321 silly audit   '@img/sharp-darwin-arm64': [ '0.34.5' ],
321 silly audit   '@img/sharp-darwin-x64': [ '0.34.5' ],
321 silly audit   '@img/sharp-libvips-darwin-arm64': [ '1.2.4' ],
321 silly audit   '@img/sharp-libvips-darwin-x64': [ '1.2.4' ],
321 silly audit   '@img/sharp-libvips-linux-arm': [ '1.2.4' ],
321 silly audit   '@img/sharp-libvips-linux-arm64': [ '1.2.4' ],
321 silly audit   '@img/sharp-libvips-linux-ppc64': [ '1.2.4' ],
321 silly audit   '@img/sharp-libvips-linux-riscv64': [ '1.2.4' ],
321 silly audit   '@img/sharp-libvips-linux-s390x': [ '1.2.4' ],
321 silly audit   '@img/sharp-libvips-linux-x64': [ '1.2.4' ],
321 silly audit   '@img/sharp-libvips-linuxmusl-arm64': [ '1.2.4' ],
321 silly audit   '@img/sharp-libvips-linuxmusl-x64': [ '1.2.4' ],
321 silly audit   '@img/sharp-linux-arm': [ '0.34.5' ],
321 silly audit   '@img/sharp-linux-arm64': [ '0.34.5' ],
321 silly audit   '@img/sharp-linux-ppc64': [ '0.34.5' ],
321 silly audit   '@img/sharp-linux-riscv64': [ '0.34.5' ],
321 silly audit   '@img/sharp-linux-s390x': [ '0.34.5' ],
321 silly audit   '@img/sharp-linux-x64': [ '0.34.5' ],
321 silly audit   '@img/sharp-linuxmusl-arm64': [ '0.34.5' ],
321 silly audit   '@img/sharp-linuxmusl-x64': [ '0.34.5' ],
321 silly audit   '@img/sharp-wasm32': [ '0.34.5' ],
321 silly audit   '@img/sharp-win32-arm64': [ '0.34.5' ],
321 silly audit   '@img/sharp-win32-ia32': [ '0.34.5' ],
321 silly audit   '@img/sharp-win32-x64': [ '0.34.5' ],
321 silly audit   'detect-libc': [ '2.1.2' ],
321 silly audit   semver: [ '7.7.4' ],
321 silly audit   '@emnapi/runtime': [ '1.9.2' ],
321 silly audit   'client-only': [ '0.0.1' ]
321 silly audit }
322 http cache client-only@https://registry.npmjs.org/client-only/-/client-only-0.0.1.tgz 0ms (cache hit)
323 http cache semver@https://registry.npmjs.org/semver/-/semver-7.7.4.tgz 0ms (cache hit)
324 http cache @img/colour@https://registry.npmjs.org/@img/colour/-/colour-1.1.0.tgz 0ms (cache hit)
325 http cache detect-libc@https://registry.npmjs.org/detect-libc/-/detect-libc-2.1.2.tgz 0ms (cache hit)
326 http cache picocolors@https://registry.npmjs.org/picocolors/-/picocolors-1.1.1.tgz 0ms (cache hit)
327 http cache scheduler@https://registry.npmjs.org/scheduler/-/scheduler-0.27.0.tgz 0ms (cache hit)
328 http cache @img/sharp-win32-x64@https://registry.npmjs.org/@img/sharp-win32-x64/-/sharp-win32-x64-0.34.5.tgz 0ms (cache hit)
329 http cache source-map-js@https://registry.npmjs.org/source-map-js/-/source-map-js-1.2.1.tgz 0ms (cache hit)
330 http cache tslib@https://registry.npmjs.org/tslib/-/tslib-2.8.1.tgz 0ms (cache hit)
331 http cache styled-jsx@https://registry.npmjs.org/styled-jsx/-/styled-jsx-5.1.6.tgz 0ms (cache hit)
332 http cache nanoid@https://registry.npmjs.org/nanoid/-/nanoid-3.3.11.tgz 0ms (cache hit)
333 http cache sharp@https://registry.npmjs.org/sharp/-/sharp-0.34.5.tgz 0ms (cache hit)
334 http cache postcss@https://registry.npmjs.org/postcss/-/postcss-8.4.31.tgz 0ms (cache hit)
335 http cache caniuse-lite@https://registry.npmjs.org/caniuse-lite/-/caniuse-lite-1.0.30001785.tgz 0ms (cache hit)
336 http cache @swc/helpers@https://registry.npmjs.org/@swc/helpers/-/helpers-0.5.15.tgz 0ms (cache hit)
337 http cache undici-types@https://registry.npmjs.org/undici-types/-/undici-types-6.21.0.tgz 0ms (cache hit)
338 http cache @next/swc-win32-x64-msvc@https://registry.npmjs.org/@next/swc-win32-x64-msvc/-/swc-win32-x64-msvc-15.5.14.tgz 1ms (cache hit)
339 http cache @types/react-dom@https://registry.npmjs.org/@types/react-dom/-/react-dom-19.2.3.tgz 0ms (cache hit)
340 http cache csstype@https://registry.npmjs.org/csstype/-/csstype-3.2.3.tgz 0ms (cache hit)
341 http cache @next/env@https://registry.npmjs.org/@next/env/-/env-15.5.14.tgz 0ms (cache hit)
342 http cache @types/react@https://registry.npmjs.org/@types/react/-/react-19.2.14.tgz 0ms (cache hit)
343 http cache typescript@https://registry.npmjs.org/typescript/-/typescript-5.9.3.tgz 0ms (cache hit)
344 http cache react-dom@https://registry.npmjs.org/react-dom/-/react-dom-19.2.4.tgz 0ms (cache hit)
345 http cache react@https://registry.npmjs.org/react/-/react-19.2.4.tgz 0ms (cache hit)
346 silly tarball no local data for client-only@https://registry.npmjs.org/client-only/-/client-only-0.0.1.tgz. Extracting by manifest.
347 http cache @types/node@https://registry.npmjs.org/@types/node/-/node-22.19.17.tgz 0ms (cache hit)
348 silly tarball no local data for semver@https://registry.npmjs.org/semver/-/semver-7.7.4.tgz. Extracting by manifest.
349 silly tarball no local data for @img/colour@https://registry.npmjs.org/@img/colour/-/colour-1.1.0.tgz. Extracting by manifest.
350 silly tarball no local data for detect-libc@https://registry.npmjs.org/detect-libc/-/detect-libc-2.1.2.tgz. Extracting by manifest.
351 silly tarball no local data for picocolors@https://registry.npmjs.org/picocolors/-/picocolors-1.1.1.tgz. Extracting by manifest.
352 http cache next@https://registry.npmjs.org/next/-/next-15.5.14.tgz 0ms (cache hit)
353 silly tarball no local data for scheduler@https://registry.npmjs.org/scheduler/-/scheduler-0.27.0.tgz. Extracting by manifest.
354 silly tarball no local data for @img/sharp-win32-x64@https://registry.npmjs.org/@img/sharp-win32-x64/-/sharp-win32-x64-0.34.5.tgz. Extracting by manifest.
355 silly tarball no local data for source-map-js@https://registry.npmjs.org/source-map-js/-/source-map-js-1.2.1.tgz. Extracting by manifest.
356 silly tarball no local data for tslib@https://registry.npmjs.org/tslib/-/tslib-2.8.1.tgz. Extracting by manifest.
357 silly tarball no local data for styled-jsx@https://registry.npmjs.org/styled-jsx/-/styled-jsx-5.1.6.tgz. Extracting by manifest.
358 silly tarball no local data for nanoid@https://registry.npmjs.org/nanoid/-/nanoid-3.3.11.tgz. Extracting by manifest.
359 silly tarball no local data for sharp@https://registry.npmjs.org/sharp/-/sharp-0.34.5.tgz. Extracting by manifest.
360 silly tarball no local data for postcss@https://registry.npmjs.org/postcss/-/postcss-8.4.31.tgz. Extracting by manifest.
361 silly tarball no local data for caniuse-lite@https://registry.npmjs.org/caniuse-lite/-/caniuse-lite-1.0.30001785.tgz. Extracting by manifest.
362 silly tarball no local data for @swc/helpers@https://registry.npmjs.org/@swc/helpers/-/helpers-0.5.15.tgz. Extracting by manifest.
363 silly tarball no local data for undici-types@https://registry.npmjs.org/undici-types/-/undici-types-6.21.0.tgz. Extracting by manifest.
364 silly tarball no local data for @next/swc-win32-x64-msvc@https://registry.npmjs.org/@next/swc-win32-x64-msvc/-/swc-win32-x64-msvc-15.5.14.tgz. Extracting by manifest.
365 silly tarball no local data for @types/react-dom@https://registry.npmjs.org/@types/react-dom/-/react-dom-19.2.3.tgz. Extracting by manifest.
366 silly tarball no local data for csstype@https://registry.npmjs.org/csstype/-/csstype-3.2.3.tgz. Extracting by manifest.
367 silly tarball no local data for @next/env@https://registry.npmjs.org/@next/env/-/env-15.5.14.tgz. Extracting by manifest.
368 silly tarball no local data for @types/react@https://registry.npmjs.org/@types/react/-/react-19.2.14.tgz. Extracting by manifest.
369 silly tarball no local data for typescript@https://registry.npmjs.org/typescript/-/typescript-5.9.3.tgz. Extracting by manifest.
370 silly tarball no local data for react-dom@https://registry.npmjs.org/react-dom/-/react-dom-19.2.4.tgz. Extracting by manifest.
371 silly tarball no local data for react@https://registry.npmjs.org/react/-/react-19.2.4.tgz. Extracting by manifest.
372 silly tarball no local data for @types/node@https://registry.npmjs.org/@types/node/-/node-22.19.17.tgz. Extracting by manifest.
373 silly tarball no local data for next@https://registry.npmjs.org/next/-/next-15.5.14.tgz. Extracting by manifest.
374 http fetch GET 200 https://registry.npmjs.org/client-only/-/client-only-0.0.1.tgz 124ms (cache miss)
375 http fetch GET 200 https://registry.npmjs.org/detect-libc/-/detect-libc-2.1.2.tgz 124ms (cache miss)
376 http fetch GET 200 https://registry.npmjs.org/picocolors/-/picocolors-1.1.1.tgz 127ms (cache miss)
377 http fetch GET 200 https://registry.npmjs.org/scheduler/-/scheduler-0.27.0.tgz 128ms (cache miss)
378 http fetch POST 200 https://registry.npmjs.org/-/npm/v1/security/advisories/bulk 166ms
379 silly audit report {}
380 http fetch GET 200 https://registry.npmjs.org/@img/colour/-/colour-1.1.0.tgz 163ms (cache miss)
381 http fetch GET 200 https://registry.npmjs.org/@types/react-dom/-/react-dom-19.2.3.tgz 182ms (cache miss)
382 http fetch GET 200 https://registry.npmjs.org/tslib/-/tslib-2.8.1.tgz 225ms (cache miss)
383 http fetch GET 200 https://registry.npmjs.org/source-map-js/-/source-map-js-1.2.1.tgz 304ms (cache miss)
384 http fetch GET 200 https://registry.npmjs.org/csstype/-/csstype-3.2.3.tgz 317ms (cache miss)
385 http fetch GET 200 https://registry.npmjs.org/nanoid/-/nanoid-3.3.11.tgz 327ms (cache miss)
386 http fetch GET 200 https://registry.npmjs.org/@types/react/-/react-19.2.14.tgz 330ms (cache miss)
387 http fetch GET 200 https://registry.npmjs.org/styled-jsx/-/styled-jsx-5.1.6.tgz 391ms (cache miss)
388 http fetch GET 200 https://registry.npmjs.org/react/-/react-19.2.4.tgz 419ms (cache miss)
389 http fetch GET 200 https://registry.npmjs.org/undici-types/-/undici-types-6.21.0.tgz 457ms (cache miss)
390 http fetch GET 200 https://registry.npmjs.org/@next/env/-/env-15.5.14.tgz 459ms (cache miss)
391 http fetch GET 200 https://registry.npmjs.org/sharp/-/sharp-0.34.5.tgz 514ms (cache miss)
392 http fetch GET 200 https://registry.npmjs.org/semver/-/semver-7.7.4.tgz 558ms (cache miss)
393 http fetch GET 200 https://registry.npmjs.org/postcss/-/postcss-8.4.31.tgz 575ms (cache miss)
394 http fetch GET 200 https://registry.npmjs.org/@types/node/-/node-22.19.17.tgz 699ms (cache miss)
395 http fetch GET 200 https://registry.npmjs.org/react-dom/-/react-dom-19.2.4.tgz 786ms (cache miss)
396 http fetch GET 200 https://registry.npmjs.org/@swc/helpers/-/helpers-0.5.15.tgz 1555ms (cache miss)
397 http fetch GET 200 https://registry.npmjs.org/typescript/-/typescript-5.9.3.tgz 1826ms (cache miss)
398 http fetch GET 200 https://registry.npmjs.org/@img/sharp-win32-x64/-/sharp-win32-x64-0.34.5.tgz 2755ms (cache miss)
399 http fetch GET 200 https://registry.npmjs.org/caniuse-lite/-/caniuse-lite-1.0.30001785.tgz 2861ms (cache miss)
400 http fetch GET 200 https://registry.npmjs.org/@next/swc-win32-x64-msvc/-/swc-win32-x64-msvc-15.5.14.tgz 5421ms (cache miss)
401 http fetch GET 200 https://registry.npmjs.org/next/-/next-15.5.14.tgz 18993ms (cache miss)
402 info run sharp@0.34.5 install node_modules/sharp node install/check.js || npm run build
403 info run sharp@0.34.5 install { code: 0, signal: null }
404 silly ADD node_modules/client-only
405 silly ADD node_modules/semver
406 silly ADD node_modules/detect-libc
407 silly ADD node_modules/@img/sharp-win32-x64
408 silly ADD node_modules/@img/colour
409 silly ADD node_modules/scheduler
410 silly ADD node_modules/source-map-js
411 silly ADD node_modules/picocolors
412 silly ADD node_modules/nanoid
413 silly ADD node_modules/tslib
414 silly ADD node_modules/styled-jsx
415 silly ADD node_modules/sharp
416 silly ADD node_modules/postcss
417 silly ADD node_modules/caniuse-lite
418 silly ADD node_modules/@swc/helpers
419 silly ADD node_modules/@next/swc-win32-x64-msvc
420 silly ADD node_modules/@next/env
421 silly ADD node_modules/csstype
422 silly ADD node_modules/undici-types
423 silly ADD node_modules/typescript
424 silly ADD node_modules/react-dom
425 silly ADD node_modules/react
426 silly ADD node_modules/next
427 silly ADD node_modules/@types/react-dom
428 silly ADD node_modules/@types/react
429 silly ADD node_modules/@types/node
430 verbose cwd C:\Users\steve\projects\Kairis
431 verbose os Windows_NT 10.0.26200
432 verbose node v25.8.1
433 verbose npm  v11.12.1
434 verbose exit 0
435 info ok
